2025-03-15 21:03:40,418 - app.routes - INFO - 数据源 case 的列: ['故障发生日期', '申请时间', '标题', '版本号', '问题描述', '答复详情', '客户期望', 'ATA', '机号/MSN', '运营人', '服务请求单编号', '机型', '数据类型']
2025-03-15 21:03:40,490 - app.routes - INFO - 数据源 engineering 的列: ['文件名称', 'MSN有效性', '分类', '原因和说明', '机型', '数据类型', '原文文本', '发布时间']
2025-03-15 21:03:40,756 - app.routes - INFO - 数据源 manual 的列: ['故障发生日期', '申请时间', '版本号', '标题', '问题描述', '答复详情', '客户期望', '飞机序列号/注册号/运营人', 'ATA', '服务请求单编号', '机型', '数据类型']
2025-03-15 21:03:40,848 - app.routes - INFO - 数据源 faults 的列: ['日期', '维修ATA', '问题描述', '排故措施', '运营人', '机型', '飞机序列号', '机号', '数据类型', '拆卸部件件号', '拆卸部件序列号', '装上部件件号', '装上部件序列号']
2025-03-15 21:03:40,916 - app.routes - INFO - 数据源 case 的列名: ['故障发生日期', '申请时间', '标题', '版本号', '问题描述', '答复详情', '客户期望', 'ATA', '机号/MSN', '运营人', '服务请求单编号', '机型', '数据类型']
2025-03-15 21:03:40,919 - app.routes - INFO - 数据源 case 的数据类型: ['252问题', '服务请求', '客户意见']
2025-03-15 21:03:49,778 - app.routes - INFO - 开始处理文件上传
2025-03-15 21:03:49,785 - app.routes - INFO - 数据源: case
2025-03-15 21:03:49,786 - app.routes - INFO - 生成临时ID: d7ccdf31-fa90-4c30-bbe2-92d65025f553
2025-03-15 21:03:49,787 - app.routes - INFO - 临时文件路径: D:\Quant\Case_Search_UI\app\data\temp\d7ccdf31-fa90-4c30-bbe2-92d65025f553_xls
2025-03-15 21:03:49,789 - app.routes - INFO - 文件保存成功
2025-03-15 21:03:50,483 - app.routes - INFO - 数据分析结果: success=True, message=数据变更预览：
原有数据：57265 条
上传数据：490 条
重复数据：490 条
实际新增：0 条
变更后数据：57265 条

是否确认更新数据？
2025-03-15 21:03:50,484 - app.routes - INFO - 临时信息保存成功
2025-03-15 21:04:23,401 - app.routes - INFO - 接收到确认导入请求
2025-03-15 21:04:23,402 - app.routes - INFO - 请求内容类型: application/json
2025-03-15 21:04:23,403 - app.routes - INFO - 请求方法: POST
2025-03-15 21:04:23,404 - app.routes - INFO - JSON数据: {'dataSource': 'case', 'temp_id': 'd7ccdf31-fa90-4c30-bbe2-92d65025f553'}
2025-03-15 21:04:23,404 - app.routes - INFO - 获取到的temp_id: d7ccdf31-fa90-4c30-bbe2-92d65025f553
2025-03-15 21:04:23,405 - app.routes - INFO - 数据源: case
2025-03-15 21:04:23,405 - app.routes - INFO - 读取到的临时信息: {'file_path': 'D:\\Quant\\Case_Search_UI\\app\\data\\temp\\d7ccdf31-fa90-4c30-bbe2-92d65025f553_xls', 'data_source': 'case', 'timestamp': 1742043830.4838862, 'filename': 'xls'}
2025-03-15 21:04:35,751 - app.routes - INFO - 数据源 engineering 的列: ['文件名称', 'MSN有效性', '分类', '原因和说明', '机型', '数据类型', '原文文本', '发布时间']
2025-03-15 21:04:35,752 - app.routes - INFO - 数据源 manual 的列: ['故障发生日期', '申请时间', '版本号', '标题', '问题描述', '答复详情', '客户期望', '飞机序列号/注册号/运营人', 'ATA', '服务请求单编号', '机型', '数据类型']
2025-03-15 21:04:35,757 - app.routes - INFO - 数据源 faults 的列: ['日期', '维修ATA', '问题描述', '排故措施', '运营人', '机型', '飞机序列号', '机号', '数据类型', '拆卸部件件号', '拆卸部件序列号', '装上部件件号', '装上部件序列号']
2025-03-15 21:04:43,198 - app.routes - INFO - 数据源 engineering 的列: ['文件名称', 'MSN有效性', '分类', '原因和说明', '机型', '数据类型', '原文文本', '发布时间']
2025-03-15 21:04:43,199 - app.routes - INFO - 数据源 manual 的列: ['故障发生日期', '申请时间', '版本号', '标题', '问题描述', '答复详情', '客户期望', '飞机序列号/注册号/运营人', 'ATA', '服务请求单编号', '机型', '数据类型']
2025-03-15 21:04:43,200 - app.routes - INFO - 数据源 faults 的列: ['日期', '维修ATA', '问题描述', '排故措施', '运营人', '机型', '飞机序列号', '机号', '数据类型', '拆卸部件件号', '拆卸部件序列号', '装上部件件号', '装上部件序列号']
2025-03-15 21:05:28,231 - app.routes - INFO - 数据源 engineering 的列: ['文件名称', 'MSN有效性', '分类', '原因和说明', '机型', '数据类型', '原文文本', '发布时间']
2025-03-15 21:05:28,232 - app.routes - INFO - 数据源 manual 的列: ['故障发生日期', '申请时间', '版本号', '标题', '问题描述', '答复详情', '客户期望', '飞机序列号/注册号/运营人', 'ATA', '服务请求单编号', '机型', '数据类型']
2025-03-15 21:05:28,235 - app.routes - INFO - 数据源 faults 的列: ['日期', '维修ATA', '问题描述', '排故措施', '运营人', '机型', '飞机序列号', '机号', '数据类型', '拆卸部件件号', '拆卸部件序列号', '装上部件件号', '装上部件序列号']
2025-03-15 21:12:14,913 - app.routes - INFO - 数据源 case 的列: ['故障发生日期', '申请时间', '标题', '版本号', '问题描述', '答复详情', '客户期望', 'ATA', '机号/MSN', '运营人', '服务请求单编号', '机型', '数据类型']
2025-03-15 21:12:14,988 - app.routes - INFO - 数据源 engineering 的列: ['文件名称', 'MSN有效性', '分类', '原因和说明', '机型', '数据类型', '原文文本', '发布时间']
2025-03-15 21:12:15,284 - app.routes - INFO - 数据源 manual 的列: ['故障发生日期', '申请时间', '版本号', '标题', '问题描述', '答复详情', '客户期望', '飞机序列号/注册号/运营人', 'ATA', '服务请求单编号', '机型', '数据类型']
2025-03-15 21:12:15,383 - app.routes - INFO - 数据源 faults 的列: ['日期', '维修ATA', '问题描述', '排故措施', '运营人', '机型', '飞机序列号', '机号', '数据类型', '拆卸部件件号', '拆卸部件序列号', '装上部件件号', '装上部件序列号']
2025-03-15 21:12:15,425 - app.routes - INFO - 数据源 case 的列名: ['故障发生日期', '申请时间', '标题', '版本号', '问题描述', '答复详情', '客户期望', 'ATA', '机号/MSN', '运营人', '服务请求单编号', '机型', '数据类型']
2025-03-15 21:12:15,429 - app.routes - INFO - 数据源 case 的数据类型: ['252问题', '服务请求', '客户意见']
2025-03-15 21:12:23,659 - app.routes - INFO - 开始处理文件上传
2025-03-15 21:12:23,666 - app.routes - INFO - 数据源: case
2025-03-15 21:12:23,667 - app.routes - INFO - 生成临时ID: 35dad8fd-3ba1-4396-b680-1384d2222aac
2025-03-15 21:12:23,668 - app.routes - INFO - 临时文件路径: D:\Quant\Case_Search_UI\app\data\temp\35dad8fd-3ba1-4396-b680-1384d2222aac_xls
2025-03-15 21:12:23,671 - app.routes - INFO - 文件保存成功
2025-03-15 21:12:24,349 - app.routes - INFO - 数据分析结果: success=True, message=数据变更预览：
原有数据：57265 条
上传数据：490 条
重复数据：490 条
实际新增：0 条
变更后数据：57265 条

是否确认更新数据？
2025-03-15 21:12:24,351 - app.routes - INFO - 临时信息保存成功
2025-03-15 21:12:27,197 - app.routes - INFO - 接收到确认导入请求
2025-03-15 21:12:27,197 - app.routes - INFO - 请求内容类型: application/json
2025-03-15 21:12:27,198 - app.routes - INFO - 请求方法: POST
2025-03-15 21:12:27,200 - app.routes - INFO - JSON数据: {'dataSource': 'case', 'temp_id': '35dad8fd-3ba1-4396-b680-1384d2222aac'}
2025-03-15 21:12:27,200 - app.routes - INFO - 获取到的temp_id: 35dad8fd-3ba1-4396-b680-1384d2222aac
2025-03-15 21:12:27,201 - app.routes - INFO - 数据源: case
2025-03-15 21:12:27,201 - app.routes - INFO - 读取到的临时信息: {'file_path': 'D:\\Quant\\Case_Search_UI\\app\\data\\temp\\35dad8fd-3ba1-4396-b680-1384d2222aac_xls', 'data_source': 'case', 'timestamp': 1742044344.3500905, 'filename': 'xls'}
2025-03-15 21:12:43,861 - app.routes - INFO - 数据源 engineering 的列: ['文件名称', 'MSN有效性', '分类', '原因和说明', '机型', '数据类型', '原文文本', '发布时间']
2025-03-15 21:12:43,862 - app.routes - INFO - 数据源 manual 的列: ['故障发生日期', '申请时间', '版本号', '标题', '问题描述', '答复详情', '客户期望', '飞机序列号/注册号/运营人', 'ATA', '服务请求单编号', '机型', '数据类型']
2025-03-15 21:12:43,863 - app.routes - INFO - 数据源 faults 的列: ['日期', '维修ATA', '问题描述', '排故措施', '运营人', '机型', '飞机序列号', '机号', '数据类型', '拆卸部件件号', '拆卸部件序列号', '装上部件件号', '装上部件序列号']
